<?xml version="1.0" encoding="UTF-8"?>
<!-- Generated by org.testng.reporters.JUnitReportReporter -->
<testsuite skipped="0" hostname="HP01" name="dropdown.DropdownWithSelectClass" tests="1" failures="0" timestamp="2024-02-21T14:48:28 IST" time="30.350" errors="0">
  <testcase name="getValuefromCountryDropdown" time="30.350" classname="dropdown.DropdownWithSelectClass"/>
  <system-out/>
</testsuite> <!-- dropdown.DropdownWithSelectClass -->
