<?xml version="1.0" encoding="UTF-8"?>
<!-- Generated by org.testng.reporters.JUnitReportReporter -->
<testsuite skipped="0" hostname="HP01" name="dropdown.AutoCompleteGooglePlaceDropdown" tests="1" failures="0" timestamp="2024-02-22T13:11:50 IST" time="18.979" errors="0">
  <testcase name="automateAutoCompleteGooglePlaceDropdown" time="18.979" classname="dropdown.AutoCompleteGooglePlaceDropdown"/>
  <system-out/>
</testsuite> <!-- dropdown.AutoCompleteGooglePlaceDropdown -->
