<?xml version="1.0" encoding="UTF-8"?>
<!-- Generated by org.testng.reporters.JUnitReportReporter -->
<testsuite skipped="1" hostname="HP01" name="dropdown.DropdownHandleWithXpathAxes" tests="2" failures="0" timestamp="2022-06-08T23:20:03 IST" time="19.099" errors="0">
  <testcase name="textboxAutomate" time="19.099" classname="dropdown.DropdownHandleWithXpathAxes"/>
  <system-out/>
  <testcase name="select_a_speed" classname="dropdown.DropdownHandleWithXpathAxes">
    <skipped/>
  </testcase> <!-- select_a_speed -->
  <system-out/>
</testsuite> <!-- dropdown.DropdownHandleWithXpathAxes -->
