<?xml version="1.0" encoding="UTF-8"?>
<!-- Generated by org.testng.reporters.JUnitReportReporter -->
<testsuite skipped="4" hostname="HP01" name="com.qa.checkbox.AutomateMultipleCheckbox" tests="5" failures="0" timestamp="2024-02-20T15:23:39 IST" time="13.837" errors="0">
  <testcase name="selectFirstTwoCheckboxes" time="13.837" classname="com.qa.checkbox.AutomateMultipleCheckbox"/>
  <system-out/>
  <testcase name="selectCheckBoxesByChoice" classname="com.qa.checkbox.AutomateMultipleCheckbox">
    <skipped/>
  </testcase> <!-- selectCheckBoxesByChoice -->
  <system-out/>
  <testcase name="selectMultipleCheckbox" classname="com.qa.checkbox.AutomateMultipleCheckbox">
    <skipped/>
  </testcase> <!-- selectMultipleCheckbox -->
  <system-out/>
  <testcase name="selectLastTwoCheckboxes" classname="com.qa.checkbox.AutomateMultipleCheckbox">
    <skipped/>
  </testcase> <!-- selectLastTwoCheckboxes -->
  <system-out/>
  <testcase name="selectSpecificCheckbox" classname="com.qa.checkbox.AutomateMultipleCheckbox">
    <skipped/>
  </testcase> <!-- selectSpecificCheckbox -->
  <system-out/>
</testsuite> <!-- com.qa.checkbox.AutomateMultipleCheckbox -->
