<?xml version="1.0" encoding="UTF-8"?>
<!-- Generated by org.testng.reporters.JUnitReportReporter -->
<testsuite skipped="0" hostname="HP01" name="com.qa.guru99.Textbox" tests="1" failures="0" timestamp="2021-12-04T18:28:43 IST" time="19.171" errors="0">
  <testcase name="textbox1" time="19.171" classname="com.qa.guru99.Textbox"/>
  <system-out/>
</testsuite> <!-- com.qa.guru99.Textbox -->
