<?xml version="1.0" encoding="UTF-8"?>
<!-- Generated by org.testng.reporters.JUnitReportReporter -->
<testsuite skipped="0" hostname="HP01" name="com.qa.windowhandle.WindowHandle" tests="1" failures="0" timestamp="2023-12-09T20:32:52 IST" time="15.108" errors="0">
  <testcase name="automateMultipleWindows" time="15.108" classname="com.qa.windowhandle.WindowHandle"/>
  <system-out/>
</testsuite> <!-- com.qa.windowhandle.WindowHandle -->
