<?xml version="1.0" encoding="UTF-8"?>
<!-- Generated by org.testng.reporters.JUnitReportReporter -->
<testsuite skipped="0" hostname="HP01" name="dropdown.multipleDropdown" tests="1" failures="0" timestamp="2022-06-09T11:26:13 IST" time="10.780" errors="0">
  <testcase name="textboxAutomate" time="10.780" classname="dropdown.multipleDropdown"/>
  <system-out/>
</testsuite> <!-- dropdown.multipleDropdown -->
